<?xml version="1.0" encoding="UTF-8"?>
<!-- Generated by org.testng.reporters.JUnitReportReporter -->
<testsuite skipped="0" hostname="LAPTOP-C6V3FIT9" name="com.extentreports.test.ExtentReportFiveJson" tests="1" failures="0" timestamp="2020-12-11T16:03:24 IST" time="2.059" errors="0">
  <testcase name="extentTest1" time="2.059" classname="com.extentreports.test.ExtentReportFiveJson"/>
  <system-out/>
</testsuite> <!-- com.extentreports.test.ExtentReportFiveJson -->
