<?xml version="1.0" encoding="UTF-8"?>
<!-- Generated by org.testng.reporters.JUnitReportReporter -->
<testsuite skipped="0" hostname="LAPTOP-C6V3FIT9" name="com.extentreports.test.ExtentReportFive" tests="1" failures="0" timestamp="2020-12-11T16:45:55 IST" time="2.114" errors="0">
  <testcase name="extentTest" time="2.114" classname="com.extentreports.test.ExtentReportFive"/>
  <system-out/>
</testsuite> <!-- com.extentreports.test.ExtentReportFive -->
