<?xml version="1.0" encoding="UTF-8"?>
<!-- Generated by org.testng.reporters.JUnitReportReporter -->
<testsuite skipped="0" hostname="LAPTOP-C6V3FIT9" name="com.extentreports.test.AttachScreenshotToExtentReport" tests="3" failures="0" timestamp="2020-12-11T17:33:35 IST" time="20.857" errors="0">
  <testcase name="AttachBase64" time="7.817" classname="com.extentreports.test.AttachScreenshotToExtentReport"/>
  <system-out/>
  <testcase name="AttachScreenShot" time="6.368" classname="com.extentreports.test.AttachScreenshotToExtentReport"/>
  <system-out/>
  <testcase name="AttachScreenShotBase64" time="6.672" classname="com.extentreports.test.AttachScreenshotToExtentReport"/>
  <system-out/>
</testsuite> <!-- com.extentreports.test.AttachScreenshotToExtentReport -->
